2025-07-16T11:56:49.567+05:30 DEBUG 66857 --- [kushalkart] [http-nio-8080-exec-4] o.s.security.web.FilterChainProxy        : Securing GET /api/services/3
2025-07-16T11:56:49.582+05:30 DEBUG 66857 --- [kushalkart] [http-nio-8080-exec-4] o.s.security.web.FilterChainProxy        : Secured GET /api/services/3
2025-07-16T12:00:43.701+05:30  INFO 66857 --- [kushalkart] [SpringApplicationShutdownHook] o.s.b.w.e.tomcat.GracefulShutdown        : Commencing graceful shutdown. Waiting for active requests to complete
2025-07-16T12:00:43.715+05:30  INFO 66857 --- [kushalkart] [tomcat-shutdown] o.s.b.w.e.tomcat.GracefulShutdown        : Graceful shutdown complete
2025-07-16T12:00:43.720+05:30  INFO 66857 --- [kushalkart] [SpringApplicationShutdownHook] j.LocalContainerEntityManagerFactoryBean : Closing JPA EntityManagerFactory for persistence unit 'default'
2025-07-16T12:00:43.725+05:30  INFO 66857 --- [kushalkart] [SpringApplicationShutdownHook] com.zaxxer.hikari.HikariDataSource       : HikariPool-1 - Shutdown initiated...
2025-07-16T12:00:43.737+05:30  INFO 66857 --- [kushalkart] [SpringApplicationShutdownHook] com.zaxxer.hikari.HikariDataSource       : HikariPool-1 - Shutdown completed.
2025-07-16T12:00:47.253+05:30  INFO 67125 --- [kushalkart] [main] com.kushalkart.KushalkartApplication     : Starting KushalkartApplication using Java 23.0.2 with PID 67125 (/Users/basantaswain/kushalkart/target/classes started by basantaswain in /Users/basantaswain/kushalkart)
2025-07-16T12:00:47.253+05:30 DEBUG 67125 --- [kushalkart] [main] com.kushalkart.KushalkartApplication     : Running with Spring Boot v3.5.3, Spring v6.2.8
2025-07-16T12:00:47.254+05:30  INFO 67125 --- [kushalkart] [main] com.kushalkart.KushalkartApplication     : No active profile set, falling back to 1 default profile: "default"
2025-07-16T12:00:47.523+05:30  INFO 67125 --- [kushalkart] [main] .s.d.r.c.RepositoryConfigurationDelegate : Bootstrapping Spring Data JPA repositories in DEFAULT mode.
2025-07-16T12:00:47.555+05:30  INFO 67125 --- [kushalkart] [main] .s.d.r.c.RepositoryConfigurationDelegate : Finished Spring Data repository scanning in 28 ms. Found 3 JPA repository interfaces.
2025-07-16T12:00:47.772+05:30  INFO 67125 --- [kushalkart] [main] o.s.b.w.embedded.tomcat.TomcatWebServer  : Tomcat initialized with port 8080 (http)
2025-07-16T12:00:47.780+05:30  INFO 67125 --- [kushalkart] [main] o.apache.catalina.core.StandardService   : Starting service [Tomcat]
2025-07-16T12:00:47.780+05:30  INFO 67125 --- [kushalkart] [main] o.apache.catalina.core.StandardEngine    : Starting Servlet engine: [Apache Tomcat/10.1.42]
2025-07-16T12:00:47.802+05:30  INFO 67125 --- [kushalkart] [main] o.a.c.c.C.[Tomcat].[localhost].[/]       : Initializing Spring embedded WebApplicationContext
2025-07-16T12:00:47.802+05:30  INFO 67125 --- [kushalkart] [main] w.s.c.ServletWebServerApplicationContext : Root WebApplicationContext: initialization completed in 524 ms
2025-07-16T12:00:47.861+05:30  INFO 67125 --- [kushalkart] [main] o.hibernate.jpa.internal.util.LogHelper  : HHH000204: Processing PersistenceUnitInfo [name: default]
2025-07-16T12:00:47.886+05:30  INFO 67125 --- [kushalkart] [main] org.hibernate.Version                    : HHH000412: Hibernate ORM core version 6.6.18.Final
2025-07-16T12:00:47.901+05:30  INFO 67125 --- [kushalkart] [main] o.h.c.internal.RegionFactoryInitiator    : HHH000026: Second-level cache disabled
2025-07-16T12:00:48.024+05:30  INFO 67125 --- [kushalkart] [main] o.s.o.j.p.SpringPersistenceUnitInfo      : No LoadTimeWeaver setup: ignoring JPA class transformer
2025-07-16T12:00:48.037+05:30  INFO 67125 --- [kushalkart] [main] com.zaxxer.hikari.HikariDataSource       : HikariPool-1 - Starting...
2025-07-16T12:00:48.123+05:30  INFO 67125 --- [kushalkart] [main] com.zaxxer.hikari.pool.HikariPool        : HikariPool-1 - Added connection org.mariadb.jdbc.Connection@793cef95
2025-07-16T12:00:48.124+05:30  INFO 67125 --- [kushalkart] [main] com.zaxxer.hikari.HikariDataSource       : HikariPool-1 - Start completed.
2025-07-16T12:00:48.144+05:30  WARN 67125 --- [kushalkart] [main] org.hibernate.dialect.Dialect            : HHH000511: The 9.3.0 version for [org.hibernate.dialect.MariaDBDialect] is no longer supported, hence certain features may not work properly. The minimum supported version is 10.4.0. Check the community dialects project for available legacy versions.
2025-07-16T12:00:48.155+05:30  INFO 67125 --- [kushalkart] [main] org.hibernate.orm.connections.pooling    : HHH10001005: Database info:
	Database JDBC URL [Connecting through datasource 'HikariDataSource (HikariPool-1)']
	Database driver: undefined/unknown
	Database version: 9.3
	Autocommit mode: undefined/unknown
	Isolation level: undefined/unknown
	Minimum pool size: undefined/unknown
	Maximum pool size: undefined/unknown
2025-07-16T12:00:48.492+05:30  INFO 67125 --- [kushalkart] [main] o.h.e.t.j.p.i.JtaPlatformInitiator       : HHH000489: No JTA platform available (set 'hibernate.transaction.jta.platform' to enable JTA platform integration)
2025-07-16T12:00:48.544+05:30  INFO 67125 --- [kushalkart] [main] j.LocalContainerEntityManagerFactoryBean : Initialized JPA EntityManagerFactory for persistence unit 'default'
2025-07-16T12:00:48.683+05:30 DEBUG 67125 --- [kushalkart] [main] com.kushalkart.filter.JwtAuthFilter      : Filter 'jwtAuthFilter' configured for use
2025-07-16T12:00:48.710+05:30  WARN 67125 --- [kushalkart] [main] JpaBaseConfiguration$JpaWebConfiguration : spring.jpa.open-in-view is enabled by default. Therefore, database queries may be performed during view rendering. Explicitly configure spring.jpa.open-in-view to disable this warning
2025-07-16T12:00:48.726+05:30  INFO 67125 --- [kushalkart] [main] r$InitializeUserDetailsManagerConfigurer : Global AuthenticationManager configured with UserDetailsService bean with name myUserDetailsService
2025-07-16T12:00:48.825+05:30 DEBUG 67125 --- [kushalkart] [main] o.s.s.web.DefaultSecurityFilterChain     : Will secure any request with filters: DisableEncodeUrlFilter, WebAsyncManagerIntegrationFilter, SecurityContextHolderFilter, HeaderWriterFilter, LogoutFilter, JwtAuthFilter, RequestCacheAwareFilter, SecurityContextHolderAwareRequestFilter, AnonymousAuthenticationFilter, SessionManagementFilter, ExceptionTranslationFilter, AuthorizationFilter
2025-07-16T12:00:48.922+05:30  INFO 67125 --- [kushalkart] [main] o.s.b.w.embedded.tomcat.TomcatWebServer  : Tomcat started on port 8080 (http) with context path '/'
2025-07-16T12:00:48.927+05:30  INFO 67125 --- [kushalkart] [main] com.kushalkart.KushalkartApplication     : Started KushalkartApplication in 1.863 seconds (process running for 2.009)
2025-07-16T12:00:52.572+05:30  INFO 67125 --- [kushalkart] [http-nio-8080-exec-1] o.a.c.c.C.[Tomcat].[localhost].[/]       : Initializing Spring DispatcherServlet 'dispatcherServlet'
2025-07-16T12:00:52.572+05:30  INFO 67125 --- [kushalkart] [http-nio-8080-exec-1] o.s.web.servlet.DispatcherServlet        : Initializing Servlet 'dispatcherServlet'
2025-07-16T12:00:52.573+05:30  INFO 67125 --- [kushalkart] [http-nio-8080-exec-1] o.s.web.servlet.DispatcherServlet        : Completed initialization in 1 ms
2025-07-16T12:00:52.582+05:30 DEBUG 67125 --- [kushalkart] [http-nio-8080-exec-1] o.s.security.web.FilterChainProxy        : Securing GET /api/services/3
2025-07-16T12:00:52.717+05:30 DEBUG 67125 --- [kushalkart] [http-nio-8080-exec-1] o.s.security.web.FilterChainProxy        : Secured GET /api/services/3
